<?xml version="1.0" encoding="UTF-8"?>
<!-- Generated by org.testng.reporters.JUnitReportReporter -->
<testsuite skipped="0" hostname="Arun-HP" name="com.mycompany.Home_page" tests="2" failures="0" timestamp="09 Apr 2019 15:15:41 GMT" time="29.244" errors="0">
  <testcase name="basepagenavigation" time="15.805" classname="com.mycompany.Home_page"/>
  <testcase name="basepagenavigation" time="13.439" classname="com.mycompany.Home_page"/>
</testsuite> <!-- com.mycompany.Home_page -->
