<?xml version="1.0" encoding="UTF-8"?>
<!-- Generated by org.testng.reporters.JUnitReportReporter -->
<testsuite skipped="0" hostname="Arun-HP" name="com.mycompany.Validate_title" tests="1" failures="0" timestamp="2019-04-08T15:53:20 EDT" time="7.581" errors="0">
  <testcase name="basepagenavigation" time="7.581" classname="com.mycompany.Validate_title"/>
</testsuite> <!-- com.mycompany.Validate_title -->
