<?xml version="1.0" encoding="UTF-8"?>
<!-- Generated by org.testng.reporters.JUnitReportReporter -->
<testsuite skipped="0" hostname="Arun-HP" name="com.mycompany.Home_page" tests="2" failures="0" timestamp="2019-04-08T15:53:20 EDT" time="26.529" errors="0">
  <testcase name="basepagenavigation" time="12.976" classname="com.mycompany.Home_page"/>
  <testcase name="basepagenavigation" time="13.553" classname="com.mycompany.Home_page"/>
</testsuite> <!-- com.mycompany.Home_page -->
